<?xml version="1.0" encoding="UTF-8"?>
<testng-results skipped="0" failed="0" ignored="0" total="12" passed="12">
  <reporter-output>
  </reporter-output>
  <suite name="Test maven Suite" duration-ms="37" started-at="2018-04-04T08:59:23Z" finished-at="2018-04-04T08:59:23Z">
    <groups>
    </groups>
    <test name="Test maven testing" duration-ms="37" started-at="2018-04-04T08:59:23Z" finished-at="2018-04-04T08:59:23Z">
      <class name="com.qa.tests.DemoTest">
        <test-method status="PASS" signature="div()[pri:0, instance:com.qa.tests.DemoTest@6442b0a6]" name="div" duration-ms="6" started-at="2018-04-04T08:59:23Z" finished-at="2018-04-04T08:59:23Z">
          <reporter-output>
          </reporter-output>
        </test-method> <!-- div -->
        <test-method status="PASS" signature="mul()[pri:0, instance:com.qa.tests.DemoTest@6442b0a6]" name="mul" duration-ms="0" started-at="2018-04-04T08:59:23Z" finished-at="2018-04-04T08:59:23Z">
          <reporter-output>
          </reporter-output>
        </test-method> <!-- mul -->
        <test-method status="PASS" signature="sum()[pri:0, instance:com.qa.tests.DemoTest@6442b0a6]" name="sum" duration-ms="1" started-at="2018-04-04T08:59:23Z" finished-at="2018-04-04T08:59:23Z">
          <reporter-output>
          </reporter-output>
        </test-method> <!-- sum -->
        <test-method status="PASS" signature="sub()[pri:0, instance:com.qa.tests.DemoTest@6442b0a6]" name="sub" duration-ms="0" started-at="2018-04-04T08:59:23Z" finished-at="2018-04-04T08:59:23Z">
          <reporter-output>
          </reporter-output>
        </test-method> <!-- sub -->
      </class> <!-- com.qa.tests.DemoTest -->
      <class name="com.qa.tests.DemoTest1">
        <test-method status="PASS" signature="mul()[pri:0, instance:com.qa.tests.DemoTest1@7f690630]" name="mul" duration-ms="0" started-at="2018-04-04T08:59:23Z" finished-at="2018-04-04T08:59:23Z">
          <reporter-output>
          </reporter-output>
        </test-method> <!-- mul -->
        <test-method status="PASS" signature="div()[pri:0, instance:com.qa.tests.DemoTest1@7f690630]" name="div" duration-ms="0" started-at="2018-04-04T08:59:23Z" finished-at="2018-04-04T08:59:23Z">
          <reporter-output>
          </reporter-output>
        </test-method> <!-- div -->
        <test-method status="PASS" signature="sub()[pri:0, instance:com.qa.tests.DemoTest1@7f690630]" name="sub" duration-ms="0" started-at="2018-04-04T08:59:23Z" finished-at="2018-04-04T08:59:23Z">
          <reporter-output>
          </reporter-output>
        </test-method> <!-- sub -->
        <test-method status="PASS" signature="sum()[pri:0, instance:com.qa.tests.DemoTest1@7f690630]" name="sum" duration-ms="0" started-at="2018-04-04T08:59:23Z" finished-at="2018-04-04T08:59:23Z">
          <reporter-output>
          </reporter-output>
        </test-method> <!-- sum -->
      </class> <!-- com.qa.tests.DemoTest1 -->
      <class name="com.qa.tests.DemoTest2">
        <test-method status="PASS" signature="sub()[pri:0, instance:com.qa.tests.DemoTest2@edf4efb]" name="sub" duration-ms="0" started-at="2018-04-04T08:59:23Z" finished-at="2018-04-04T08:59:23Z">
          <reporter-output>
          </reporter-output>
        </test-method> <!-- sub -->
        <test-method status="PASS" signature="mul()[pri:0, instance:com.qa.tests.DemoTest2@edf4efb]" name="mul" duration-ms="0" started-at="2018-04-04T08:59:23Z" finished-at="2018-04-04T08:59:23Z">
          <reporter-output>
          </reporter-output>
        </test-method> <!-- mul -->
        <test-method status="PASS" signature="div()[pri:0, instance:com.qa.tests.DemoTest2@edf4efb]" name="div" duration-ms="0" started-at="2018-04-04T08:59:23Z" finished-at="2018-04-04T08:59:23Z">
          <reporter-output>
          </reporter-output>
        </test-method> <!-- div -->
        <test-method status="PASS" signature="sum()[pri:0, instance:com.qa.tests.DemoTest2@edf4efb]" name="sum" duration-ms="0" started-at="2018-04-04T08:59:23Z" finished-at="2018-04-04T08:59:23Z">
          <reporter-output>
          </reporter-output>
        </test-method> <!-- sum -->
      </class> <!-- com.qa.tests.DemoTest2 -->
    </test> <!-- Test maven testing -->
  </suite> <!-- Test maven Suite -->
</testng-results>
